This is pdfTeX, Version 3.14159265-2.6-1.40.16 (TeX Live 2015/Debian) (preloaded format=pdflatex 2016.8.23)  22 JUL 2017 15:34
entering extended mode
 restricted \write18 enabled.
 %&-line parsing enabled.
**thesis.tex
(./thesis.tex
LaTeX2e <2016/02/01>
Babel <3.9q> and hyphenation patterns for 81 language(s) loaded.
(/usr/share/texlive/texmf-dist/tex/latex/base/book.cls
Document Class: book 2014/09/29 v1.4h Standard LaTeX document class
(/usr/share/texlive/texmf-dist/tex/latex/base/bk10.clo
File: bk10.clo 2014/09/29 v1.4h Standard LaTeX file (size option)
)
\c@part=\count79
\c@chapter=\count80
\c@section=\count81
\c@subsection=\count82
\c@subsubsection=\count83
\c@paragraph=\count84
\c@subparagraph=\count85
\c@figure=\count86
\c@table=\count87
\abovecaptionskip=\skip41
\belowcaptionskip=\skip42
\bibindent=\dimen102
)
(/usr/share/texlive/texmf-dist/tex/latex/siunitx/siunitx.sty
(/usr/share/texlive/texmf-dist/tex/latex/l3kernel/expl3.sty
Package: expl3 2016/01/19 v6377 L3 programming layer (loader) 

(/usr/share/texlive/texmf-dist/tex/latex/l3kernel/expl3-code.tex
Package: expl3 2016/01/19 v6377 L3 programming layer (code)
L3 Module: l3bootstrap 2016/01/01 v6339 L3 Bootstrap code
L3 Module: l3names 2015/12/21 v6328 L3 Namespace for primitives
L3 Module: l3basics 2015/11/22 v6315 L3 Basic definitions
L3 Module: l3expan 2015/09/10 v5983 L3 Argument expansion
L3 Module: l3tl 2015/09/29 v6121 L3 Token lists
L3 Module: l3str 2016/01/03 v6357 L3 Strings
L3 Module: l3seq 2015/08/05 v5777 L3 Sequences and stacks
L3 Module: l3int 2016/01/05 v6366 L3 Integers
\c_max_int=\count88
\l_tmpa_int=\count89
\l_tmpb_int=\count90
\g_tmpa_int=\count91
\g_tmpb_int=\count92
L3 Module: l3quark 2015/08/17 v5855 L3 Quarks
L3 Module: l3prg 2015/11/01 v6216 L3 Control structures
\g__prg_map_int=\count93
L3 Module: l3clist 2015/09/02 v5901 L3 Comma separated lists
L3 Module: l3token 2015/11/11 v6249 L3 Experimental token manipulation
L3 Module: l3prop 2016/01/05 v6366 L3 Property lists
L3 Module: l3msg 2015/09/28 v6113 L3 Messages
L3 Module: l3file 2015/12/03 v6317 L3 File and I/O operations
\l_iow_line_count_int=\count94
\l__iow_target_count_int=\count95
\l__iow_current_line_int=\count96
\l__iow_current_word_int=\count97
\l__iow_current_indentation_int=\count98
L3 Module: l3skip 2016/01/05 v6366 L3 Dimensions and skips
\c_zero_dim=\dimen103
\c_max_dim=\dimen104
\l_tmpa_dim=\dimen105
\l_tmpb_dim=\dimen106
\g_tmpa_dim=\dimen107
\g_tmpb_dim=\dimen108
\c_zero_skip=\skip43
\c_max_skip=\skip44
\l_tmpa_skip=\skip45
\l_tmpb_skip=\skip46
\g_tmpa_skip=\skip47
\g_tmpb_skip=\skip48
\c_zero_muskip=\muskip10
\c_max_muskip=\muskip11
\l_tmpa_muskip=\muskip12
\l_tmpb_muskip=\muskip13
\g_tmpa_muskip=\muskip14
\g_tmpb_muskip=\muskip15
L3 Module: l3keys 2015/11/17 v6284 L3 Key-value interfaces
\g__keyval_level_int=\count99
\l_keys_choice_int=\count100
L3 Module: l3fp 2015/08/25 v5890 L3 Floating points
\c__fp_leading_shift_int=\count101
\c__fp_middle_shift_int=\count102
\c__fp_trailing_shift_int=\count103
\c__fp_big_leading_shift_int=\count104
\c__fp_big_middle_shift_int=\count105
\c__fp_big_trailing_shift_int=\count106
\c__fp_Bigg_leading_shift_int=\count107
\c__fp_Bigg_middle_shift_int=\count108
\c__fp_Bigg_trailing_shift_int=\count109
L3 Module: l3box 2015/08/09 v5822 L3 Experimental boxes
\c_empty_box=\box26
\l_tmpa_box=\box27
\l_tmpb_box=\box28
\g_tmpa_box=\box29
\g_tmpb_box=\box30
L3 Module: l3coffins 2015/08/06 v5789 L3 Coffin code layer
\l__coffin_internal_box=\box31
\l__coffin_internal_dim=\dimen109
\l__coffin_offset_x_dim=\dimen110
\l__coffin_offset_y_dim=\dimen111
\l__coffin_x_dim=\dimen112
\l__coffin_y_dim=\dimen113
\l__coffin_x_prime_dim=\dimen114
\l__coffin_y_prime_dim=\dimen115
\c_empty_coffin=\box32
\l__coffin_aligned_coffin=\box33
\l__coffin_aligned_internal_coffin=\box34
\l_tmpa_coffin=\box35
\l_tmpb_coffin=\box36
\l__coffin_display_coffin=\box37
\l__coffin_display_coord_coffin=\box38
\l__coffin_display_pole_coffin=\box39
\l__coffin_display_offset_dim=\dimen116
\l__coffin_display_x_dim=\dimen117
\l__coffin_display_y_dim=\dimen118
L3 Module: l3color 2014/08/23 v5354 L3 Experimental color support
L3 Module: l3sys 2015/09/25 v6087 L3 Experimental system/runtime functions
L3 Module: l3candidates 2016/01/14 v6376 L3 Experimental additions to l3kernel
\l__box_top_dim=\dimen119
\l__box_bottom_dim=\dimen120
\l__box_left_dim=\dimen121
\l__box_right_dim=\dimen122
\l__box_top_new_dim=\dimen123
\l__box_bottom_new_dim=\dimen124
\l__box_left_new_dim=\dimen125
\l__box_right_new_dim=\dimen126
\l__box_internal_box=\box40
\l__coffin_bounding_shift_dim=\dimen127
\l__coffin_left_corner_dim=\dimen128
\l__coffin_right_corner_dim=\dimen129
\l__coffin_bottom_corner_dim=\dimen130
\l__coffin_top_corner_dim=\dimen131
\l__coffin_scaled_total_height_dim=\dimen132
\l__coffin_scaled_width_dim=\dimen133
L3 Module: l3luatex 2015/11/11 v6250 L3 Experimental LuaTeX-specific functions
)
(/usr/share/texlive/texmf-dist/tex/latex/l3kernel/l3pdfmode.def
File: l3pdfmode.def 2015/11/11 v6250 L3 Experimental driver: PDF mode
\l__driver_color_stack_int=\count110
))
(/usr/share/texlive/texmf-dist/tex/latex/l3packages/xparse/xparse.sty
Package: xparse 2016/01/19 v6377 L3 Experimental document command parser
\l__xparse_current_arg_int=\count111
\l__xparse_m_args_int=\count112
\l__xparse_mandatory_args_int=\count113
\l__xparse_processor_int=\count114
\l__xparse_v_nesting_int=\count115
)
Package: siunitx 2016/03/01 v2.6q A comprehensive (SI) units package

(/usr/share/texlive/texmf-dist/tex/latex/amsmath/amstext.sty
Package: amstext 2000/06/29 v2.01 AMS text

(/usr/share/texlive/texmf-dist/tex/latex/amsmath/amsgen.sty
File: amsgen.sty 1999/11/30 v2.0 generic functions
\@emptytoks=\toks14
\ex@=\dimen134
))
(/usr/share/texlive/texmf-dist/tex/latex/tools/array.sty
Package: array 2014/10/28 v2.4c Tabular extension package (FMi)
\col@sep=\dimen135
\extrarowheight=\dimen136
\NC@list=\toks15
\extratabsurround=\skip49
\backup@length=\skip50
)
(/usr/share/texlive/texmf-dist/tex/latex/l3packages/l3keys2e/l3keys2e.sty
Package: l3keys2e 2016/01/19 v6377 LaTeX2e option processing using LaTeX3 keys
)
\l__siunitx_tmp_box=\box41
\l__siunitx_tmp_dim=\dimen137
\l__siunitx_tmp_int=\count116
\l__siunitx_number_mantissa_length_int=\count117
\l__siunitx_number_uncert_length_int=\count118
\l__siunitx_round_int=\count119
\l__siunitx_process_decimal_int=\count120
\l__siunitx_process_uncertainty_int=\count121
\l__siunitx_process_fixed_int=\count122
\l__siunitx_process_integer_min_int=\count123
\l__siunitx_process_precision_int=\count124
\l__siunitx_group_min_int=\count125
\l__siunitx_angle_marker_box=\box42
\l__siunitx_angle_unit_box=\box43
\l__siunitx_angle_marker_dim=\dimen138
\l__siunitx_angle_unit_dim=\dimen139
\l__siunitx_unit_int=\count126
\l__siunitx_unit_denominator_int=\count127
\l__siunitx_unit_numerator_int=\count128
\l__siunitx_unit_prefix_int=\count129
\l__siunitx_unit_prefix_base_int=\count130
\l__siunitx_unit_prefix_gram_int=\count131
\l__siunitx_number_product_int=\count132
\c__siunitx_one_fill_skip=\skip51
\l__siunitx_table_unit_align_skip=\skip52
\l__siunitx_table_exponent_dim=\dimen140
\l__siunitx_table_integer_dim=\dimen141
\l__siunitx_table_mantissa_dim=\dimen142
\l__siunitx_table_marker_dim=\dimen143
\l__siunitx_table_result_dim=\dimen144
\l__siunitx_table_uncert_dim=\dimen145
\l__siunitx_table_fill_pre_dim=\dimen146
\l__siunitx_table_fill_post_dim=\dimen147
\l__siunitx_table_fill_mid_dim=\dimen148
\l__siunitx_table_pre_box=\box44
\l__siunitx_table_post_box=\box45
\l__siunitx_table_mantissa_box=\box46
\l__siunitx_table_result_box=\box47
\l__siunitx_table_number_align_skip=\skip53
\l__siunitx_table_text_align_skip=\skip54
.................................................
. LaTeX info: "xparse/define-command"
. 
. Defining command \DeclareBinaryPrefix with sig. 'mmm' on line 7218.
.................................................
.................................................
. LaTeX info: "xparse/define-command"
. 
. Defining command \DeclareSIPostPower with sig. 'mm' on line 7221.
.................................................
.................................................
. LaTeX info: "xparse/define-command"
. 
. Defining command \DeclareSIPrefix with sig. 'mmm' on line 7224.
.................................................
.................................................
. LaTeX info: "xparse/define-command"
. 
. Defining command \DeclareSIPrePower with sig. 'mm' on line 7227.
.................................................
.................................................
. LaTeX info: "xparse/define-command"
. 
. Defining command \DeclareSIQualifier with sig. 'mm' on line 7230.
.................................................
.................................................
. LaTeX info: "xparse/define-command"
. 
. Defining command \DeclareSIUnit with sig. 'O{}mm' on line 7233.
.................................................
.................................................
. LaTeX info: "xparse/define-command"
. 
. Defining command \DeclareSIUnitWithOptions with sig. 'mmm' on line 7236.
.................................................
.................................................
. LaTeX info: "xparse/define-command"
. 
. Defining command \ang with sig. 'o>{\SplitArgument {2}{;}}m' on line 7251.
.................................................
.................................................
. LaTeX info: "xparse/define-command"
. 
. Defining command \num with sig. 'om' on line 7260.
.................................................
.................................................
. LaTeX info: "xparse/define-command"
. 
. Defining command \numlist with sig. 'o>{\SplitList {;}}m' on line 7269.
.................................................
.................................................
. LaTeX info: "xparse/define-command"
. 
. Defining command \numrange with sig. 'omm' on line 7278.
.................................................
.................................................
. LaTeX info: "xparse/define-command"
. 
. Defining command \SIlist with sig. 'o>{\SplitList {;}}mm' on line 7290.
.................................................
.................................................
. LaTeX info: "xparse/define-command"
. 
. Defining command \SIrange with sig. 'ommm' on line 7302.
.................................................
.................................................
. LaTeX info: "xparse/define-command"
. 
. Defining command \SI with sig. 'omom' on line 7314.
.................................................
.................................................
. LaTeX info: "xparse/define-command"
. 
. Defining command \sisetup with sig. 'm' on line 7317.
.................................................
.................................................
. LaTeX info: "xparse/define-command"
. 
. Defining command \tablenum with sig. 'om' on line 7332.
.................................................
.................................................
. LaTeX info: "xparse/define-command"
. 
. Defining command \si with sig. 'om' on line 7344.
.................................................
.................................................
. LaTeX info: "xparse/define-command"
. 
. Defining command \__siunitx_bookmark_num:w with sig. 'om' on line 7391.
.................................................
.................................................
. LaTeX info: "xparse/define-command"
. 
. Defining command \__siunitx_bookmark_numrange:w with sig. 'omm' on line
. 7393.
.................................................
.................................................
. LaTeX info: "xparse/define-command"
. 
. Defining command \__siunitx_bookmark_SI:w with sig. 'omom' on line 7395.
.................................................
.................................................
. LaTeX info: "xparse/define-command"
. 
. Defining command \__siunitx_bookmark_SIlist:w with sig. 'omm' on line 7397.
.................................................
.................................................
. LaTeX info: "xparse/define-command"
. 
. Defining command \__siunitx_bookmark_SIrange:w with sig. 'ommm' on line
. 7399.
.................................................
.................................................
. LaTeX info: "xparse/define-command"
. 
. Defining command \__siunitx_bookmark_si:w with sig. 'om' on line 7400.
.................................................
\g__file_internal_ior=\read1

(/usr/share/texlive/texmf-dist/tex/latex/beamer/translator/translator.sty
Package: translator 2010/06/12 ver 1.10

(/usr/share/texlive/texmf-dist/tex/latex/graphics/keyval.sty
Package: keyval 2014/10/28 v1.15 key=value parser (DPC)
\KV@toks@=\toks16
)
(/usr/share/texlive/texmf-dist/tex/latex/beamer/translator/translator-language-
mappings.tex))) (/usr/share/texlive/texmf-dist/tex/latex/was/gensymb.sty
Package: gensymb 2003/07/02 v1.0 (WaS)
)
(./pseudocode.sty
** 
** Document Style `pseudocode' - environment 
** by D.L. Kreher and D.R. Stinson 
** 
Package: pseudocode 
\pcode@width=\skip55
(/usr/share/texlive/texmf-dist/tex/latex/fancybox/fancybox.sty
Package: fancybox 2010/05/15 1.4

Style option: `fancybox' v1.4 <2010/05/15> (tvz)
\@fancybox=\box48
\shadowsize=\dimen149
\@Sbox=\box49
\do@VerbBox=\toks17
\the@fancyput=\toks18
\this@fancyput=\toks19
\EndVerbatimTokens=\toks20
\Verbatim@Outfile=\write3
\Verbatim@Infile=\read2
) (/usr/share/texlive/texmf-dist/tex/latex/base/ifthen.sty
Package: ifthen 2014/09/29 v1.1c Standard LaTeX ifthen package (DPC)
)
\c@pseudocode=\count133
\c@pseudonum=\count134
)
(/usr/share/texlive/texmf-dist/tex/latex/psnfss/times.sty
Package: times 2005/04/12 PSNFSS-v9.2a (SPQR) 
) (./quotchap.sty
Package: quotchap 1998/02/09 v0.9f Decorative Chapter Headings with Quotes

(/usr/share/texlive/texmf-dist/tex/latex/graphics/color.sty
Package: color 2016/01/03 v1.1b Standard LaTeX Color (DPC)

(/usr/share/texlive/texmf-dist/tex/latex/latexconfig/color.cfg
File: color.cfg 2007/01/18 v1.5 color configuration of teTeX/TeXLive
)
Package color Info: Driver file: pdftex.def on input line 143.

(/usr/share/texlive/texmf-dist/tex/latex/pdftex-def/pdftex.def
File: pdftex.def 2011/05/27 v0.06d Graphics/color for pdfTeX

(/usr/share/texlive/texmf-dist/tex/generic/oberdiek/infwarerr.sty
Package: infwarerr 2010/04/08 v1.3 Providing info/warning/error messages (HO)
)
(/usr/share/texlive/texmf-dist/tex/generic/oberdiek/ltxcmds.sty
Package: ltxcmds 2011/11/09 v1.22 LaTeX kernel commands for general use (HO)
)
\Gread@gobject=\count135
))
\@quotebox=\box50
)
(/usr/share/texlive/texmf-dist/tex/latex/fancyhdr/fancyhdr.sty
\fancy@headwidth=\skip56
\f@ncyO@elh=\skip57
\f@ncyO@erh=\skip58
\f@ncyO@olh=\skip59
\f@ncyO@orh=\skip60
\f@ncyO@elf=\skip61
\f@ncyO@erf=\skip62
\f@ncyO@olf=\skip63
\f@ncyO@orf=\skip64
)
(/usr/share/texlive/texmf-dist/tex/generic/babel/babel.sty
Package: babel 2016/02/24 3.9q The Babel package

(/usr/share/texlive/texmf-dist/tex/generic/babel-dutch/dutch.ldf
Language: dutch 2005/03/30 v3.8i Dutch support from the babel system

(/usr/share/texlive/texmf-dist/tex/generic/babel/babel.def
File: babel.def 2016/02/24 3.9q Babel common definitions
\babel@savecnt=\count136
\U@D=\dimen150
)
Package babel Info: Making " an active character on input line 132.
)
(/usr/share/texlive/texmf-dist/tex/generic/babel-english/english.ldf
Language: english 2012/08/20 v3.3p English support from the babel system
\l@canadian = a dialect from \language\l@american 
\l@australian = a dialect from \language\l@british 
\l@newzealand = a dialect from \language\l@british 
))
(/usr/share/texlive/texmf-dist/tex/latex/geometry/geometry.sty
Package: geometry 2010/09/12 v5.6 Page Geometry

(/usr/share/texlive/texmf-dist/tex/generic/oberdiek/ifpdf.sty
Package: ifpdf 2011/01/30 v2.3 Provides the ifpdf switch (HO)
Package ifpdf Info: pdfTeX in PDF mode is detected.
)
(/usr/share/texlive/texmf-dist/tex/generic/oberdiek/ifvtex.sty
Package: ifvtex 2010/03/01 v1.5 Detect VTeX and its facilities (HO)
Package ifvtex Info: VTeX not detected.
)
(/usr/share/texlive/texmf-dist/tex/generic/ifxetex/ifxetex.sty
Package: ifxetex 2010/09/12 v0.6 Provides ifxetex conditional
)
\Gm@cnth=\count137
\Gm@cntv=\count138
\c@Gm@tempcnt=\count139
\Gm@bindingoffset=\dimen151
\Gm@wd@mp=\dimen152
\Gm@odd@mp=\dimen153
\Gm@even@mp=\dimen154
\Gm@layoutwidth=\dimen155
\Gm@layoutheight=\dimen156
\Gm@layouthoffset=\dimen157
\Gm@layoutvoffset=\dimen158
\Gm@dimlist=\toks21
)
(/usr/share/texlive/texmf-dist/tex/latex/caption/caption.sty
Package: caption 2016/02/21 v3.3-144 Customizing captions (AR)

(/usr/share/texlive/texmf-dist/tex/latex/caption/caption3.sty
Package: caption3 2016/02/04 v1.7-139 caption3 kernel (AR)
Package caption3 Info: TeX engine: e-TeX on input line 67.
\captionmargin=\dimen159
\captionmargin@=\dimen160
\captionwidth=\dimen161
\caption@tempdima=\dimen162
\caption@indent=\dimen163
\caption@parindent=\dimen164
\caption@hangindent=\dimen165
)
\c@ContinuedFloat=\count140
)
(/usr/share/texlive/texmf-dist/tex/latex/subfigure/subfigure.sty
Package: subfigure 2002/03/15 v2.1.5 subfigure package
\subfigtopskip=\skip65
\subfigcapskip=\skip66
\subfigcaptopadj=\dimen166
\subfigbottomskip=\skip67
\subfigcapmargin=\dimen167
\subfiglabelskip=\skip68
\c@subfigure=\count141
\c@lofdepth=\count142
\c@subtable=\count143
\c@lotdepth=\count144

****************************************
* Local config file subfigure.cfg used *
****************************************
(/usr/share/texlive/texmf-dist/tex/latex/subfigure/subfigure.cfg)
\subfig@top=\skip69
\subfig@bottom=\skip70
)
(/usr/share/texlive/texmf-dist/tex/latex/cite/cite.sty
LaTeX Info: Redefining \cite on input line 302.
LaTeX Info: Redefining \nocite on input line 332.
Package: cite 2015/02/27  v 5.5
)
(/usr/share/texlive/texmf-dist/tex/latex/tools/enumerate.sty
Package: enumerate 2015/07/23 v3.00 enumerate extensions (DPC)
\@enLab=\toks22
)
(/usr/share/texlive/texmf-dist/tex/latex/tools/verbatim.sty
Package: verbatim 2014/10/28 v1.5q LaTeX2e package for verbatim enhancements
\every@verbatim=\toks23
\verbatim@line=\toks24
\verbatim@in@stream=\read3
)
(/usr/share/texlive/texmf-dist/tex/latex/float/float.sty
Package: float 2001/11/08 v1.3d Float enhancements (AL)
\c@float@type=\count145
\float@exts=\toks25
\float@box=\box51
\@float@everytoks=\toks26
\@floatcapt=\box52
)
(/usr/share/texlive/texmf-dist/tex/latex/multirow/multirow.sty
\bigstrutjot=\dimen168
)
(/usr/share/texlive/texmf-dist/tex/latex/graphics/graphicx.sty
Package: graphicx 2014/10/28 v1.0g Enhanced LaTeX Graphics (DPC,SPQR)

(/usr/share/texlive/texmf-dist/tex/latex/graphics/graphics.sty
Package: graphics 2016/01/03 v1.0q Standard LaTeX Graphics (DPC,SPQR)

(/usr/share/texlive/texmf-dist/tex/latex/graphics/trig.sty
Package: trig 2016/01/03 v1.10 sin cos tan (DPC)
)
(/usr/share/texlive/texmf-dist/tex/latex/latexconfig/graphics.cfg
File: graphics.cfg 2010/04/23 v1.9 graphics configuration of TeX Live
)
Package graphics Info: Driver file: pdftex.def on input line 95.
)
\Gin@req@height=\dimen169
\Gin@req@width=\dimen170
)
(/usr/share/texlive/texmf-dist/tex/latex/url/url.sty
\Urlmuskip=\muskip16
Package: url 2013/09/16  ver 3.4  Verb mode for urls, etc.
) (./expdlist.sty
Document Substyle `EXPDLIST'. Released 22.09.1999 (V 2.4)
English Documentation  22.09.99
\listpartsep=\skip71
) (./acronym_expdlist.sty
Package: acronym_expdlist 2000/05/21 v1.6 Support for acronyms
)
(/usr/share/texlive/texmf-dist/tex/latex/tools/hhline.sty
Package: hhline 2014/10/28 v2.03 Table rule package (DPC)
)
(/usr/share/texlive/texmf-dist/tex/latex/tools/afterpage.sty
Package: afterpage 2014/10/28 v1.08 After-Page Package (DPC)
\AP@output=\toks27
\AP@partial=\box53
\AP@footins=\box54
)
(/usr/share/texlive/texmf-dist/tex/latex/amsmath/amsmath.sty
Package: amsmath 2016/03/03 v2.15a AMS math features
\@mathmargin=\skip72

For additional information on amsmath, use the `?' option.
(/usr/share/texlive/texmf-dist/tex/latex/amsmath/amsbsy.sty
Package: amsbsy 1999/11/29 v1.2d Bold Symbols
\pmbraise@=\dimen171
)
(/usr/share/texlive/texmf-dist/tex/latex/amsmath/amsopn.sty
Package: amsopn 1999/12/14 v2.01 operator names
)
\inf@bad=\count146
LaTeX Info: Redefining \frac on input line 199.
\uproot@=\count147
\leftroot@=\count148
LaTeX Info: Redefining \overline on input line 297.
\classnum@=\count149
\DOTSCASE@=\count150
LaTeX Info: Redefining \ldots on input line 394.
LaTeX Info: Redefining \dots on input line 397.
LaTeX Info: Redefining \cdots on input line 518.
\Mathstrutbox@=\box55
\strutbox@=\box56
\big@size=\dimen172
LaTeX Font Info:    Redeclaring font encoding OML on input line 630.
LaTeX Font Info:    Redeclaring font encoding OMS on input line 631.
\macc@depth=\count151
\c@MaxMatrixCols=\count152
\dotsspace@=\muskip17
\c@parentequation=\count153
\dspbrk@lvl=\count154
\tag@help=\toks28
\row@=\count155
\column@=\count156
\maxfields@=\count157
\andhelp@=\toks29
\eqnshift@=\dimen173
\alignsep@=\dimen174
\tagshift@=\dimen175
\tagwidth@=\dimen176
\totwidth@=\dimen177
\lineht@=\dimen178
\@envbody=\toks30
\multlinegap=\skip73
\multlinetaggap=\skip74
\mathdisplay@stack=\toks31
LaTeX Info: Redefining \[ on input line 2735.
LaTeX Info: Redefining \] on input line 2736.
)
(/usr/share/texlive/texmf-dist/tex/latex/amsfonts/amsfonts.sty
Package: amsfonts 2013/01/14 v3.01 Basic AMSFonts support
\symAMSa=\mathgroup4
\symAMSb=\mathgroup5
LaTeX Font Info:    Overwriting math alphabet `\mathfrak' in version `bold'
(Font)                  U/euf/m/n --> U/euf/b/n on input line 106.
)
(/usr/share/texlive/texmf-dist/tex/latex/amscls/amsthm.sty
Package: amsthm 2015/03/04 v2.20.2
\thm@style=\toks32
\thm@bodyfont=\toks33
\thm@headfont=\toks34
\thm@notefont=\toks35
\thm@headpunct=\toks36
\thm@preskip=\skip75
\thm@postskip=\skip76
\thm@headsep=\skip77
\dth@everypar=\toks37
)
(/usr/share/texlive/texmf-dist/tex/latex/marvosym/marvosym.sty
Package: marvosym 2011/07/20 v2.2 Martin Vogel's Symbols font definitions
)
(/usr/share/texlive/texmf-dist/tex/latex/listings/listings.sty
\lst@mode=\count158
\lst@gtempboxa=\box57
\lst@token=\toks38
\lst@length=\count159
\lst@currlwidth=\dimen179
\lst@column=\count160
\lst@pos=\count161
\lst@lostspace=\dimen180
\lst@width=\dimen181
\lst@newlines=\count162
\lst@lineno=\count163
\lst@maxwidth=\dimen182

(/usr/share/texlive/texmf-dist/tex/latex/listings/lstmisc.sty
File: lstmisc.sty 2015/06/04 1.6 (Carsten Heinz)
\c@lstnumber=\count164
\lst@skipnumbers=\count165
\lst@framebox=\box58
)
(/usr/share/texlive/texmf-dist/tex/latex/listings/listings.cfg
File: listings.cfg 2015/06/04 1.6 listings configuration
))
Package: listings 2015/06/04 1.6 (Carsten Heinz)

(/usr/share/texlive/texmf-dist/tex/latex/setspace/setspace.sty
Package: setspace 2011/12/19 v6.7a set line spacing
)
(/usr/share/texlive/texmf-dist/tex/latex/booktabs/booktabs.sty
Package: booktabs 2005/04/14 v1.61803 publication quality tables
\heavyrulewidth=\dimen183
\lightrulewidth=\dimen184
\cmidrulewidth=\dimen185
\belowrulesep=\dimen186
\belowbottomsep=\dimen187
\aboverulesep=\dimen188
\abovetopsep=\dimen189
\cmidrulesep=\dimen190
\cmidrulekern=\dimen191
\defaultaddspace=\dimen192
\@cmidla=\count166
\@cmidlb=\count167
\@aboverulesep=\dimen193
\@belowrulesep=\dimen194
\@thisruleclass=\count168
\@lastruleclass=\count169
\@thisrulewidth=\dimen195
)
(./page_layout_definition.tex)
(/usr/share/texlive/texmf-dist/tex/latex/lineno/lineno.sty
Package: lineno 2005/11/02 line numbers on paragraphs v4.41
\linenopenalty=\count170
\output=\toks39
\linenoprevgraf=\count171
\linenumbersep=\dimen196
\linenumberwidth=\dimen197
\c@linenumber=\count172
\c@pagewiselinenumber=\count173
\c@LN@truepage=\count174
\c@internallinenumber=\count175
\c@internallinenumbers=\count176
\quotelinenumbersep=\dimen198
\bframerule=\dimen199
\bframesep=\dimen256
\bframebox=\box59
LaTeX Info: Redefining \\ on input line 3056.
) (./thesis.aux
(./chapt1/intro.aux) (./chapt2/chapt2.aux) (./chapt3/chapt3.aux)
(./chapt4/chapt4.aux) (./chapt6/chapt6.aux) (./chapt5/chapt5.aux)
(./chapt7/chapt7.aux) (./phdacronyms.aux))
\openout1 = `thesis.aux'.

LaTeX Font Info:    Checking defaults for OML/cmm/m/it on input line 80.
LaTeX Font Info:    ... okay on input line 80.
LaTeX Font Info:    Checking defaults for T1/cmr/m/n on input line 80.
LaTeX Font Info:    ... okay on input line 80.
LaTeX Font Info:    Checking defaults for OT1/cmr/m/n on input line 80.
LaTeX Font Info:    ... okay on input line 80.
LaTeX Font Info:    Checking defaults for OMS/cmsy/m/n on input line 80.
LaTeX Font Info:    ... okay on input line 80.
LaTeX Font Info:    Checking defaults for OMX/cmex/m/n on input line 80.
LaTeX Font Info:    ... okay on input line 80.
LaTeX Font Info:    Checking defaults for U/cmr/m/n on input line 80.
LaTeX Font Info:    ... okay on input line 80.
LaTeX Font Info:    Try loading font information for OT1+ptm on input line 80.

(/usr/share/texlive/texmf-dist/tex/latex/psnfss/ot1ptm.fd
File: ot1ptm.fd 2001/06/04 font definitions for OT1/ptm.
)
(/usr/share/texlive/texmf-dist/tex/latex/beamer/translator/dicts/translator-bas
ic-dictionary/translator-basic-dictionary-English.dict
Dictionary: translator-basic-dictionary, Language: English 
)
(/usr/share/texlive/texmf-dist/tex/latex/siunitx/siunitx-abbreviations.cfg
File: siunitx-abbreviations.cfg 2016/03/01 v2.6q siunitx: Abbreviated units
)
LaTeX Info: Redefining \celsius on input line 80.
Package gensymb Info: Faking symbols for \degree and \celsius on input line 80.



Package gensymb Warning: Not defining \perthousand.

LaTeX Info: Redefining \ohm on input line 80.
Package gensymb Info: Using \Omega for \ohm on input line 80.

Package gensymb Warning: Not defining \micro.

(/usr/share/texlive/texmf-dist/tex/context/base/supp-pdf.mkii
[Loading MPS to PDF converter (version 2006.09.02).]
\scratchcounter=\count177
\scratchdimen=\dimen257
\scratchbox=\box60
\nofMPsegments=\count178
\nofMParguments=\count179
\everyMPshowfont=\toks40
\MPscratchCnt=\count180
\MPscratchDim=\dimen258
\MPnumerator=\count181
\makeMPintoPDFobject=\count182
\everyMPtoPDFconversion=\toks41
)
*geometry* driver: auto-detecting
*geometry* detected driver: pdftex
*geometry* verbose mode - [ preamble ] result:
* driver: pdftex
* paper: a4paper
* layout: <same size as paper>
* layoutoffset:(h,v)=(0.0pt,0.0pt)
* hratio: 1:1
* vratio: 1:1
* modes: twoside 
* h-part:(L,W,R)=(89.62709pt, 418.25368pt, 89.6271pt)
* v-part:(T,H,B)=(85.35826pt, 688.5567pt, 71.13188pt)
* \paperwidth=597.50787pt
* \paperheight=845.04684pt
* \textwidth=418.25368pt
* \textheight=688.5567pt
* \oddsidemargin=17.3571pt
* \evensidemargin=17.35712pt
* \topmargin=-16.97922pt
* \headheight=12.0pt
* \headsep=18.06749pt
* \topskip=10.0pt
* \footskip=25.29494pt
* \marginparwidth=0.0pt
* \marginparsep=0.0pt
* \columnsep=10.0pt
* \skip\footins=9.0pt plus 4.0pt minus 2.0pt
* \hoffset=0.0pt
* \voffset=0.0pt
* \mag=1000
* \@twocolumnfalse
* \@twosidetrue
* \@mparswitchtrue
* \@reversemarginfalse
* (1in=72.27pt=25.4mm, 1cm=28.453pt)

Package caption Info: Begin \AtBeginDocument code.
Package caption Info: float package is loaded.
Package caption Info: listings package is loaded.
Package caption Info: subfigure package is loaded.
Package caption Info: End \AtBeginDocument code.
(/usr/share/texlive/texmf-dist/tex/generic/oberdiek/pdftexcmds.sty
Package: pdftexcmds 2011/11/29 v0.20 Utility functions of pdfTeX for LuaTeX (HO
)

(/usr/share/texlive/texmf-dist/tex/generic/oberdiek/ifluatex.sty
Package: ifluatex 2010/03/01 v1.3 Provides the ifluatex switch (HO)
Package ifluatex Info: LuaTeX not detected.
)
Package pdftexcmds Info: LuaTeX not detected.
Package pdftexcmds Info: \pdf@primitive is available.
Package pdftexcmds Info: \pdf@ifprimitive is available.
Package pdftexcmds Info: \pdfdraftmode found.
)
(/usr/share/texlive/texmf-dist/tex/latex/oberdiek/epstopdf-base.sty
Package: epstopdf-base 2010/02/09 v2.5 Base part for package epstopdf

(/usr/share/texlive/texmf-dist/tex/latex/oberdiek/grfext.sty
Package: grfext 2010/08/19 v1.1 Manage graphics extensions (HO)

(/usr/share/texlive/texmf-dist/tex/generic/oberdiek/kvdefinekeys.sty
Package: kvdefinekeys 2011/04/07 v1.3 Define keys (HO)
))
(/usr/share/texlive/texmf-dist/tex/latex/oberdiek/kvoptions.sty
Package: kvoptions 2011/06/30 v3.11 Key value format for package options (HO)

(/usr/share/texlive/texmf-dist/tex/generic/oberdiek/kvsetkeys.sty
Package: kvsetkeys 2012/04/25 v1.16 Key value parser (HO)

(/usr/share/texlive/texmf-dist/tex/generic/oberdiek/etexcmds.sty
Package: etexcmds 2011/02/16 v1.5 Avoid name clashes with e-TeX commands (HO)
Package etexcmds Info: Could not find \expanded.
(etexcmds)             That can mean that you are not using pdfTeX 1.50 or
(etexcmds)             that some package has redefined \expanded.
(etexcmds)             In the latter case, load this package earlier.
)))
Package grfext Info: Graphics extension search list:
(grfext)             [.png,.pdf,.jpg,.mps,.jpeg,.jbig2,.jb2,.PNG,.PDF,.JPG,.JPE
G,.JBIG2,.JB2,.eps]
(grfext)             \AppendGraphicsExtensions on input line 452.

(/usr/share/texlive/texmf-dist/tex/latex/latexconfig/epstopdf-sys.cfg
File: epstopdf-sys.cfg 2010/07/13 v1.3 Configuration of (r)epstopdf for TeX Liv
e
))
\c@lstlisting=\count183
\c__siunitx_mathsf_int=\count184
LaTeX Font Info:    Try loading font information for U+msa on input line 80.

(/usr/share/texlive/texmf-dist/tex/latex/amsfonts/umsa.fd
File: umsa.fd 2013/01/14 v3.01 AMS symbols A
)
LaTeX Font Info:    Try loading font information for U+msb on input line 80.

(/usr/share/texlive/texmf-dist/tex/latex/amsfonts/umsb.fd
File: umsb.fd 2013/01/14 v3.01 AMS symbols B
)
\c__siunitx_mathtt_int=\count185
\@float@every@figure=\toks42
\@float@every@table=\toks43
\@float@every@algorithm=\toks44
\c@algorithm=\count186

</home/isa/ownCloud/DOCTORAAT/info/logos/VUBlogo.jpg, id=1, 2298.6678pt x 1023.
825pt>
File: /home/isa/ownCloud/DOCTORAAT/info/logos/VUBlogo.jpg Graphic file (type jp
g)
 <use /home/isa/ownCloud/DOCTORAAT/info/logos/VUBlogo.jpg>
Package pdftex.def Info: /home/isa/ownCloud/DOCTORAAT/info/logos/VUBlogo.jpg us
ed on input line 94.
(pdftex.def)             Requested size: 170.71652pt x 76.03369pt.

Overfull \hbox (85.35826pt too wide) in paragraph at lines 94--95
[][] 
 []

LaTeX Font Info:    Try loading font information for OT1+phv on input line 101.

(/usr/share/texlive/texmf-dist/tex/latex/psnfss/ot1phv.fd
File: ot1phv.fd 2001/06/04 scalable font definitions for OT1/phv.
) [1

{/var/lib/texmf/fonts/map/pdftex/updmap/pdftex.map} </home/isa/ownCloud/DOCTORA
AT/info/logos/VUBlogo.jpg>] [2


]
LaTeX Font Info:    Try loading font information for T1+ptm on input line 139.
 (/usr/share/texlive/texmf-dist/tex/latex/psnfss/t1ptm.fd
File: t1ptm.fd 2001/06/04 font definitions for T1/ptm.
)
[1


] [2


] (./thesis.toc
LaTeX Font Info:    Font shape `OT1/ptm/bx/n' in size <10> not available
(Font)              Font shape `OT1/ptm/b/n' tried instead on input line 3.
 [3

])
\tf@toc=\write4
\openout4 = `thesis.toc'.

 [4]
\openout2 = `chapt1/intro.aux'.

 (./chapt1/intro.tex
Chapter 1.
[1





] [2



])
\openout2 = `chapt2/chapt2.aux'.

 (./chapt2/chapt2.tex
Chapter 2.
LaTeX Font Info:    Font shape `OT1/ptm/bx/n' in size <14.4> not available
(Font)              Font shape `OT1/ptm/b/n' tried instead on input line 14.
LaTeX Font Info:    Font shape `OT1/ptm/bx/n' in size <12> not available
(Font)              Font shape `OT1/ptm/b/n' tried instead on input line 16.
[3



] [4


])
\openout2 = `chapt3/chapt3.aux'.

 (./chapt3/chapt3.tex
Chapter 3.
[5



] <chapt3/lhc_complex.jpg, id=45, 602.25pt x 409.53pt>
File: chapt3/lhc_complex.jpg Graphic file (type jpg)

<use chapt3/lhc_complex.jpg>
Package pdftex.def Info: chapt3/lhc_complex.jpg used on input line 32.
(pdftex.def)             Requested size: 313.69025pt x 213.31926pt.
 [6 <./chapt3/lhc_complex.jpg>]
<chapt3/CMS_lumi_allyears.png, id=53, 578.16pt x 433.62pt>
File: chapt3/CMS_lumi_allyears.png Graphic file (type png)

<use chapt3/CMS_lumi_allyears.png>
Package pdftex.def Info: chapt3/CMS_lumi_allyears.png used on input line 61.
(pdftex.def)             Requested size: 313.69025pt x 235.26288pt.


Package acronym Warning: Acronym `ALICE' is not defined on input line 68.


Package acronym Warning: Acronym `LHCb' is not defined on input line 68.


Underfull \vbox (badness 10000) has occurred while \output is active []

 [7 <./chapt3/CMS_lumi_allyears.png>]
<chapt3/cms_complete_labelled.pdf, id=60, 807.015pt x 583.17876pt>
File: chapt3/cms_complete_labelled.pdf Graphic file (type pdf)

<use chapt3/cms_complete_labelled.pdf>
Package pdftex.def Info: chapt3/cms_complete_labelled.pdf used on input line 77
.
(pdftex.def)             Requested size: 376.42575pt x 272.02069pt.

Underfull \vbox (badness 1043) has occurred while \output is active []

 [8 <./chapt3/cms_complete_labelled.pdf>]
<chapt3/fig_cmstracker.png, id=218, 1111.15125pt x 522.95375pt>
File: chapt3/fig_cmstracker.png Graphic file (type png)

<use chapt3/fig_cmstracker.png>
Package pdftex.def Info: chapt3/fig_cmstracker.png used on input line 100.
(pdftex.def)             Requested size: 376.42575pt x 177.16354pt.

<chapt3/pixel.pdf, id=219, 602.65152pt x 361.95226pt>
File: chapt3/pixel.pdf Graphic file (type pdf)
 <use chapt3/pixel.pdf>
Package pdftex.def Info: chapt3/pixel.pdf used on input line 116.
(pdftex.def)             Requested size: 250.95476pt x 150.72101pt.

[9 <./chapt3/fig_cmstracker.png (PNG copy)>] [10 <./chapt3/pixel.pdf>]
<chapt3/Transverse_section.pdf, id=230, 585.60579pt x 365.04005pt>
File: chapt3/Transverse_section.pdf Graphic file (type pdf)

<use chapt3/Transverse_section.pdf>
Package pdftex.def Info: chapt3/Transverse_section.pdf used on input line 175.
(pdftex.def)             Requested size: 334.60422pt x 208.5763pt.

<chapt3/ecal_res.png, id=231, 505.13719pt x 484.05844pt>
File: chapt3/ecal_res.png Graphic file (type png)

<use chapt3/ecal_res.png>
Package pdftex.def Info: chapt3/ecal_res.png used on input line 189.
(pdftex.def)             Requested size: 250.95476pt x 240.48492pt.
 [11 <./chapt3/Transverse_section.pdf>]
<chapt3/hcal.png, id=249, 1218.05063pt x 649.67719pt>
File: chapt3/hcal.png Graphic file (type png)
 <use chapt3/hcal.png>
Package pdftex.def Info: chapt3/hcal.png used on input line 205.
(pdftex.def)             Requested size: 334.60422pt x 178.46846pt.

[12 <./chapt3/ecal_res.png (PNG copy)> <./chapt3/hcal.png (PNG copy)>]
<chapt3/JER.png, id=254, 791.95876pt x 536.0025pt>
File: chapt3/JER.png Graphic file (type png)
 <use chapt3/JER.png>
Package pdftex.def Info: chapt3/JER.png used on input line 216.
(pdftex.def)             Requested size: 250.95476pt x 169.84766pt.

<chapt3/muon_system_new.png, id=255, 1013.28563pt x 660.96938pt>
File: chapt3/muon_system_new.png Graphic file (type png)

<use chapt3/muon_system_new.png>
Package pdftex.def Info: chapt3/muon_system_new.png used on input line 227.
(pdftex.def)             Requested size: 376.42575pt x 245.54323pt.
 [13 <./chapt3/JER.png (PNG copy)> <./chapt3/muon_system_new.png (PNG copy)>]
<chapt3/muon_res.png, id=262, 990.70125pt x 661.72218pt>
File: chapt3/muon_res.png Graphic file (type png)

<use chapt3/muon_res.png>
Package pdftex.def Info: chapt3/muon_res.png used on input line 238.
(pdftex.def)             Requested size: 376.42575pt x 251.42674pt.
 [14 <./chapt3/muon_res.png (PNG copy)>]
<chapt3/trigger.png, id=266, 897.3525pt x 630.10406pt>
File: chapt3/trigger.png Graphic file (type png)

<use chapt3/trigger.png>
Package pdftex.def Info: chapt3/trigger.png used on input line 251.
(pdftex.def)             Requested size: 376.42575pt x 264.315pt.
 <chapt3/DAQ.png, id=267, 641.39626pt x 265.74281pt>
File: chapt3/DAQ.png Graphic file (type png)

<use chapt3/DAQ.png>
Package pdftex.def Info: chapt3/DAQ.png used on input line 261.
(pdftex.def)             Requested size: 376.42575pt x 155.96375pt.

Underfull \vbox (badness 10000) has occurred while \output is active []

 [15 <./chapt3/trigger.png (PNG copy)>]
<chapt3/CMS_recorded_lumi.png, id=271, 578.16pt x 433.62pt>
File: chapt3/CMS_recorded_lumi.png Graphic file (type png)

<use chapt3/CMS_recorded_lumi.png>
Package pdftex.def Info: chapt3/CMS_recorded_lumi.png used on input line 274.
(pdftex.def)             Requested size: 313.69025pt x 235.26288pt.
 [16 <./chapt3/DAQ.png (PNG copy)> <./chapt3/CMS_recorded_lumi.png>]
<chapt3/APVsaturation_SOverN.png, id=276, 1190.4475pt x 560.0925pt>
File: chapt3/APVsaturation_SOverN.png Graphic file (type png)

<use chapt3/APVsaturation_SOverN.png>
Package pdftex.def Info: chapt3/APVsaturation_SOverN.png used on input line 285
.
(pdftex.def)             Requested size: 376.42575pt x 177.10522pt.

<chapt3/nhits_perRunPeriod.pdf, id=277, 569.12625pt x 444.66125pt>
File: chapt3/nhits_perRunPeriod.pdf Graphic file (type pdf)

<use chapt3/nhits_perRunPeriod.pdf>
Package pdftex.def Info: chapt3/nhits_perRunPeriod.pdf used on input line 292.
(pdftex.def)             Requested size: 250.95476pt x 196.07222pt.

<chapt3/APVsaturation_muoneff.png, id=278, 600.2425pt x 577.15625pt>
File: chapt3/APVsaturation_muoneff.png Graphic file (type png)

<use chapt3/APVsaturation_muoneff.png>
Package pdftex.def Info: chapt3/APVsaturation_muoneff.png used on input line 30
2.
(pdftex.def)             Requested size: 250.95476pt x 241.30313pt.
 [17 <./chapt3/APVsaturation_SOverN.png> <./chapt3/nhits_perRunPeriod.pdf, page
 is rotated 90 degrees>] [18 <./chapt3/APVsaturation_muoneff.png>])
\openout2 = `chapt4/chapt4.aux'.

 (./chapt4/chapt4.tex
Chapter 4.
[19






] [20] <chapt3/muon_eff_eta.png, id=336, 679.78969pt x 655.69969pt>
File: chapt3/muon_eff_eta.png Graphic file (type png)

<use chapt3/muon_eff_eta.png>
Package pdftex.def Info: chapt3/muon_eff_eta.png used on input line 60.
(pdftex.def)             Requested size: 167.2989pt x 161.36319pt.

<chapt3/pion_eff_eta.png, id=337, 691.83469pt x 660.21657pt>
File: chapt3/pion_eff_eta.png Graphic file (type png)

<use chapt3/pion_eff_eta.png>
Package pdftex.def Info: chapt3/pion_eff_eta.png used on input line 61.
(pdftex.def)             Requested size: 167.2989pt x 159.65402pt.
 [21 <./chapt3/muon_eff_eta.png (PNG copy)> <./chapt3/pion_eff_eta.png (PNG cop
y)>]
<chapt3/PV_eff.png, id=341, 569.12625pt x 546.04pt>
File: chapt3/PV_eff.png Graphic file (type png)
 <use chapt3/PV_eff.png>
Package pdftex.def Info: chapt3/PV_eff.png used on input line 72.
(pdftex.def)             Requested size: 167.2989pt x 160.51382pt.

<chapt3/PV_res.png, id=342, 569.12625pt x 546.04pt>
File: chapt3/PV_res.png Graphic file (type png)
 <use chapt3/PV_res.png>
Package pdftex.def Info: chapt3/PV_res.png used on input line 73.
(pdftex.def)             Requested size: 167.2989pt x 160.51382pt.

[22 <./chapt3/PV_eff.png (PNG copy)> <./chapt3/PV_res.png (PNG copy)>] [23]
LaTeX Font Info:    Try loading font information for OMS+ptm on input line 138.


(/usr/share/texlive/texmf-dist/tex/latex/psnfss/omsptm.fd
File: omsptm.fd 
)
LaTeX Font Info:    Font shape `OMS/ptm/m/n' in size <10> not available
(Font)              Font shape `OMS/cmsy/m/n' tried instead on input line 138.
 [24]

LaTeX Warning: Reference `' on page 25 undefined on input line 158.


<chapt4/pt_neutron_gun_th2f_JECs_GetRandom2.pdf, id=352, 569.12625pt x 549.0512
5pt>
File: chapt4/pt_neutron_gun_th2f_JECs_GetRandom2.pdf Graphic file (type pdf)
 <use chapt4/pt_neutron_gun_th2f_JECs_GetRandom2.pdf>
Package pdftex.def Info: chapt4/pt_neutron_gun_th2f_JECs_GetRandom2.pdf used on
 input line 166.
(pdftex.def)             Requested size: 200.75996pt x 193.67882pt.

<chapt4/pt_neutron_gun_p2pf_th2f_NoSmearing.pdf, id=353, 569.12625pt x 549.0512
5pt>
File: chapt4/pt_neutron_gun_p2pf_th2f_NoSmearing.pdf Graphic file (type pdf)
 <use chapt4/pt_neutron_gun_p2pf_th2f_NoSmearing.pdf>
Package pdftex.def Info: chapt4/pt_neutron_gun_p2pf_th2f_NoSmearing.pdf used on
 input line 167.
(pdftex.def)             Requested size: 200.75996pt x 193.67882pt.

<chapt4/pt_res_ptbin_0.pdf, id=354, 569.12625pt x 549.05125pt>
File: chapt4/pt_res_ptbin_0.pdf Graphic file (type pdf)

<use chapt4/pt_res_ptbin_0.pdf>
Package pdftex.def Info: chapt4/pt_res_ptbin_0.pdf used on input line 174.
(pdftex.def)             Requested size: 200.75996pt x 193.67882pt.

<chapt4/pt_res_ptbin_5.pdf, id=355, 569.12625pt x 549.05125pt>
File: chapt4/pt_res_ptbin_5.pdf Graphic file (type pdf)

<use chapt4/pt_res_ptbin_5.pdf>
Package pdftex.def Info: chapt4/pt_res_ptbin_5.pdf used on input line 175.
(pdftex.def)             Requested size: 200.75996pt x 193.67882pt.
 [25]
<chapt4/pt_neutron_gun_th2f_005.pdf, id=360, 569.12625pt x 549.05125pt>
File: chapt4/pt_neutron_gun_th2f_005.pdf Graphic file (type pdf)

<use chapt4/pt_neutron_gun_th2f_005.pdf>
Package pdftex.def Info: chapt4/pt_neutron_gun_th2f_005.pdf used on input line 
184.
(pdftex.def)             Requested size: 200.75996pt x 193.67882pt.

<chapt4/pt_neutron_gun_p2pf_th2f_005.pdf, id=361, 569.12625pt x 549.05125pt>
File: chapt4/pt_neutron_gun_p2pf_th2f_005.pdf Graphic file (type pdf)

<use chapt4/pt_neutron_gun_p2pf_th2f_005.pdf>
Package pdftex.def Info: chapt4/pt_neutron_gun_p2pf_th2f_005.pdf used on input 
line 185.
(pdftex.def)             Requested size: 200.75996pt x 193.67882pt.

<chapt4/pt_neutron_gun_res_fit_005.pdf, id=362, 569.12625pt x 549.05125pt>
File: chapt4/pt_neutron_gun_res_fit_005.pdf Graphic file (type pdf)

<use chapt4/pt_neutron_gun_res_fit_005.pdf>
Package pdftex.def Info: chapt4/pt_neutron_gun_res_fit_005.pdf used on input li
ne 192.
(pdftex.def)             Requested size: 313.69025pt x 302.64098pt.
 [26 <./chapt4/pt_neutron_gun_th2f_JECs_GetRandom2.pdf, page is rotated 90 degr
ees> <./chapt4/pt_neutron_gun_p2pf_th2f_NoSmearing.pdf, page is rotated 90 degr
ees> <./chapt4/pt_res_ptbin_0.pdf, page is rotated 90 degrees> <./chapt4/pt_res
_ptbin_5.pdf, page is rotated 90 degrees>] [27 <./chapt4/pt_neutron_gun_th2f_00
5.pdf, page is rotated 90 degrees> <./chapt4/pt_neutron_gun_p2pf_th2f_005.pdf, 
page is rotated 90 degrees> <./chapt4/pt_neutron_gun_res_fit_005.pdf, page is r
otated 90 degrees>] [28



])
\openout2 = `chapt6/chapt6.aux'.


(./chapt6/chapt6.tex
Chapter 5.
[29



] [30


])
\openout2 = `chapt5/chapt5.aux'.

 (./chapt5/chapt5.tex
Chapter 6.
[31



] [32



])
\openout2 = `chapt7/chapt7.aux'.

 (./chapt7/chapt7.tex
Chapter 7.
[33



] [34


]) (./thesis.bbl
Underfull \hbox (badness 1014) in paragraph at lines 27--42
\OT1/ptm/m/n/10 Gomez Ce-bal-los, Jeroen Guido Hege-man, An-dre Georg Holzner, 
Min-dau-gas Jan-ulis, Raul
 []

) [35



]
\openout2 = `phdacronyms.aux'.

 (./phdacronyms.tex [36


]
Underfull \hbox (badness 10000) in paragraph at lines 11--12

 []


Underfull \hbox (badness 10000) in paragraph at lines 11--12

 []


Underfull \hbox (badness 10000) in paragraph at lines 16--17

 []


Underfull \hbox (badness 10000) in paragraph at lines 16--17

 []


Underfull \hbox (badness 10000) in paragraph at lines 21--22

 []


Underfull \hbox (badness 10000) in paragraph at lines 21--22

 []


Underfull \hbox (badness 10000) in paragraph at lines 29--30

 []


Underfull \hbox (badness 10000) in paragraph at lines 29--30

 []


Underfull \hbox (badness 10000) in paragraph at lines 36--37

 []


Underfull \hbox (badness 10000) in paragraph at lines 36--37

 []


Underfull \hbox (badness 10000) in paragraph at lines 41--42

 []


Underfull \hbox (badness 10000) in paragraph at lines 41--42

 []


Underfull \hbox (badness 10000) in paragraph at lines 48--49

 []


Underfull \hbox (badness 10000) in paragraph at lines 48--49

 []

[37]
Underfull \hbox (badness 10000) in paragraph at lines 53--54

 []


Underfull \hbox (badness 10000) in paragraph at lines 53--54

 []


Underfull \hbox (badness 10000) in paragraph at lines 59--60

 []


Underfull \hbox (badness 10000) in paragraph at lines 59--60

 []


Underfull \hbox (badness 10000) in paragraph at lines 65--66

 []


Underfull \hbox (badness 10000) in paragraph at lines 65--66

 []


Underfull \hbox (badness 10000) in paragraph at lines 74--75

 []


Underfull \hbox (badness 10000) in paragraph at lines 74--75

 []


Underfull \hbox (badness 10000) in paragraph at lines 87--88

 []


Underfull \hbox (badness 10000) in paragraph at lines 87--88

 []


Underfull \hbox (badness 10000) in paragraph at lines 96--97

 []


Underfull \hbox (badness 10000) in paragraph at lines 96--97

 []


Underfull \hbox (badness 10000) in paragraph at lines 104--105

 []


Underfull \hbox (badness 10000) in paragraph at lines 104--105

 []

[38]
Underfull \hbox (badness 10000) in paragraph at lines 109--110

 []


Underfull \hbox (badness 10000) in paragraph at lines 109--110

 []


Underfull \hbox (badness 10000) in paragraph at lines 117--118

 []


Underfull \hbox (badness 10000) in paragraph at lines 117--118

 []


Underfull \hbox (badness 10000) in paragraph at lines 123--124

 []


Underfull \hbox (badness 10000) in paragraph at lines 123--124

 []

) [39] [40


] (./thesis.aux (./chapt1/intro.aux) (./chapt2/chapt2.aux)
(./chapt3/chapt3.aux) (./chapt4/chapt4.aux) (./chapt6/chapt6.aux)
(./chapt5/chapt5.aux) (./chapt7/chapt7.aux) (./phdacronyms.aux))

LaTeX Warning: There were undefined references.

 ) 
Here is how much of TeX's memory you used:
 16983 strings out of 493029
 320918 string characters out of 6136234
 346984 words of memory out of 5000000
 20177 multiletter control sequences out of 15000+600000
 43074 words of font info for 82 fonts, out of 8000000 for 9000
 1142 hyphenation exceptions out of 8191
 39i,11n,50p,10377b,825s stack positions out of 5000i,500n,10000p,200000b,80000s
{/usr/share/texlive/texmf-dist/fonts/enc/dvips/base/8r.enc}</usr/share/texliv
e/texmf-dist/fonts/type1/public/amsfonts/cm/cmex10.pfb></usr/share/texlive/texm
f-dist/fonts/type1/public/amsfonts/cm/cmmi10.pfb></usr/share/texlive/texmf-dist
/fonts/type1/public/amsfonts/cm/cmmi6.pfb></usr/share/texlive/texmf-dist/fonts/
type1/public/amsfonts/cm/cmmi7.pfb></usr/share/texlive/texmf-dist/fonts/type1/p
ublic/amsfonts/cm/cmmi9.pfb></usr/share/texlive/texmf-dist/fonts/type1/public/a
msfonts/cm/cmr10.pfb></usr/share/texlive/texmf-dist/fonts/type1/public/amsfonts
/cm/cmr7.pfb></usr/share/texlive/texmf-dist/fonts/type1/public/amsfonts/cm/cmr9
.pfb></usr/share/texlive/texmf-dist/fonts/type1/public/amsfonts/cm/cmsy10.pfb><
/usr/share/texlive/texmf-dist/fonts/type1/public/amsfonts/cm/cmsy7.pfb></usr/sh
are/texlive/texmf-dist/fonts/type1/public/amsfonts/cm/cmsy9.pfb></usr/share/tex
live/texmf-dist/fonts/type1/urw/helvetic/uhvr8a.pfb></usr/share/texlive/texmf-d
ist/fonts/type1/urw/times/utmb8a.pfb></usr/share/texlive/texmf-dist/fonts/type1
/urw/times/utmr8a.pfb></usr/share/texlive/texmf-dist/fonts/type1/urw/times/utmr
i8a.pfb>
Output written on thesis.pdf (46 pages, 4241623 bytes).
PDF statistics:
 765 PDF objects out of 1000 (max. 8388607)
 387 compressed objects within 4 object streams
 0 named destinations out of 1000 (max. 500000)
 152 words of extra memory for PDF output out of 10000 (max. 10000000)

